<?xml version="1.0" encoding="UTF-8"?>
<testsuite xmlns:xsi="http://www.w3.org/2001/XMLSchema-instance" xsi:noNamespaceSchemaLocation="https://maven.apache.org/surefire/maven-surefire-plugin/xsd/surefire-test-report.xsd" name="TestSuite" time="31.833" tests="4" errors="0" skipped="0" failures="2">
  <properties>
[...]
</properties>
  <testcase name="loginTestSuccess" classname="com.lemon.testcases.LoginTest" time="2.117"/>
  <testcase name="loginTestFailure1" classname="com.lemon.testcases.LoginTest" time="0.676"/>
  <testcase name="loginTestFailure2" classname="com.lemon.testcases.LoginTest" time="1.148">
    <failure message="expected [请输入手机号1] but found [请输入手机号]" type="java.lang.AssertionError">java.lang.AssertionError: expected [请输入手机号1] but found [请输入手机号]
	at com.lemon.testcases.LoginTest.loginTestFailure2(LoginTest.java:99)
</failure>
    <system-out><![CDATA[2021-05-30 12:23:36 INFO  BaseTest:101 - 关闭浏览器
2021-05-30 12:23:38 INFO  BaseTest:38 - 打开【chrome】浏览器
2021-05-30 12:23:40 INFO  BaseTest:66 - 打开【http://8.129.91.152:8765/Index/login.html】网址
2021-05-30 12:23:40 INFO  BaseTest:74 - 浏览器窗口最大化
2021-05-30 12:23:40 INFO  BaseTest:83 - 设置隐式等待时间【5】秒
2021-05-30 12:23:40 INFO  BasePage:50 - 往元素【登录页面_电话输入框】输入数据【】
2021-05-30 12:23:40 INFO  BasePage:50 - 往元素【登录页面_密码输入框】输入数据【Ab%12345】
2021-05-30 12:23:40 INFO  BasePage:32 - 点击了元素【登录页面_登录按钮】
2021-05-30 12:23:40 INFO  BasePage:69 - 获取元素【登录页面_手机号码错误提示信息】的文本【请输入手机号】
2021-05-30 12:23:40 ERROR Assertion:56 - 断言实际值【请输入手机号】与期望值【请输入手机号1】失败
2021-05-30 12:23:40 ERROR Assertion:57 - java.lang.AssertionError: expected [请输入手机号1] but found [请输入手机号]
]]></system-out>
    <system-err><![CDATA[Starting ChromeDriver 90.0.4430.24 (4c6d850f087da467d926e8eddb76550aed655991-refs/branch-heads/4430@{#429}) on port 3577
Only local connections are allowed.
Please see https://chromedriver.chromium.org/security-considerations for suggestions on keeping ChromeDriver safe.
ChromeDriver was started successfully.
[1622348617.861][WARNING]: This version of ChromeDriver has not been tested with Chrome version 91.
五月 30, 2021 12:23:38 下午 org.openqa.selenium.remote.ProtocolHandshake createSession
信息: Detected dialect: W3C
]]></system-err>
  </testcase>
  <testcase name="loginTestFailure2" classname="com.lemon.testcases.LoginTest" time="1.261">
    <failure message="expected [请输入正确的手机号1] but found [请输入正确的手机号]" type="java.lang.AssertionError">java.lang.AssertionError: expected [请输入正确的手机号1] but found [请输入正确的手机号]
	at com.lemon.testcases.LoginTest.loginTestFailure2(LoginTest.java:99)
</failure>
    <system-out><![CDATA[2021-05-30 12:23:42 INFO  BaseTest:101 - 关闭浏览器
2021-05-30 12:23:44 INFO  BaseTest:38 - 打开【chrome】浏览器
2021-05-30 12:23:46 INFO  BaseTest:66 - 打开【http://8.129.91.152:8765/Index/login.html】网址
2021-05-30 12:23:46 INFO  BaseTest:74 - 浏览器窗口最大化
2021-05-30 12:23:46 INFO  BaseTest:83 - 设置隐式等待时间【5】秒
2021-05-30 12:23:46 INFO  BasePage:50 - 往元素【登录页面_电话输入框】输入数据【1585901925】
2021-05-30 12:23:46 INFO  BasePage:50 - 往元素【登录页面_密码输入框】输入数据【Ab%12345】
2021-05-30 12:23:46 INFO  BasePage:32 - 点击了元素【登录页面_登录按钮】
2021-05-30 12:23:46 INFO  BasePage:69 - 获取元素【登录页面_手机号码错误提示信息】的文本【请输入正确的手机号】
2021-05-30 12:23:46 ERROR Assertion:56 - 断言实际值【请输入正确的手机号】与期望值【请输入正确的手机号1】失败
2021-05-30 12:23:46 ERROR Assertion:57 - java.lang.AssertionError: expected [请输入正确的手机号1] but found [请输入正确的手机号]
]]></system-out>
    <system-err><![CDATA[Starting ChromeDriver 90.0.4430.24 (4c6d850f087da467d926e8eddb76550aed655991-refs/branch-heads/4430@{#429}) on port 35831
Only local connections are allowed.
Please see https://chromedriver.chromium.org/security-considerations for suggestions on keeping ChromeDriver safe.
ChromeDriver was started successfully.
[1622348624.060][WARNING]: This version of ChromeDriver has not been tested with Chrome version 91.
五月 30, 2021 12:23:44 下午 org.openqa.selenium.remote.ProtocolHandshake createSession
信息: Detected dialect: W3C
]]></system-err>
  </testcase>
</testsuite>