<?xml version="1.0" encoding="UTF-8"?>
<testsuite xmlns:xsi="http://www.w3.org/2001/XMLSchema-instance" xsi:noNamespaceSchemaLocation="https://maven.apache.org/surefire/maven-surefire-plugin/xsd/surefire-test-report.xsd" name="TestSuite" time="30.709" tests="4" errors="0" skipped="0" failures="0">
  <properties>
[...]
</properties>
  <testcase name="loginTestSuccess" classname="com.lemon.testcases.LoginTest" time="3.106"/>
  <testcase name="loginTestFailure1" classname="com.lemon.testcases.LoginTest" time="1.292"/>
  <testcase name="loginTestFailure2" classname="com.lemon.testcases.LoginTest" time="0.375"/>
  <testcase name="loginTestFailure2" classname="com.lemon.testcases.LoginTest" time="0.432"/>
</testsuite>