<?xml version="1.0" encoding="UTF-8"?>
<testng-results skipped="0" failed="0" ignored="0" total="4" passed="4">
  <reporter-output>
  </reporter-output>
  <suite name="All Test Suite" duration-ms="28725" started-at="2021-06-20T00:57:13 CST" finished-at="2021-06-20T00:57:42 CST">
    <groups>
    </groups>
    <test name="F:/code/auto_test_framework" duration-ms="28725" started-at="2021-06-20T00:57:13 CST" finished-at="2021-06-20T00:57:42 CST">
      <class name="com.lemon.testcases.LoginTest">
        <test-method status="PASS" signature="setup()[pri:0, instance:com.lemon.testcases.LoginTest@59fc684e]" name="setup" is-config="true" duration-ms="6277" started-at="2021-06-20T00:57:13 CST" finished-at="2021-06-20T00:57:19 CST">
          <reporter-output>
          </reporter-output>
        </test-method> <!-- setup -->
        <test-method status="PASS" signature="loginTestSuccess()[pri:1, instance:com.lemon.testcases.LoginTest@59fc684e]" name="loginTestSuccess" duration-ms="3135" started-at="2021-06-20T00:57:19 CST" finished-at="2021-06-20T00:57:22 CST">
          <reporter-output>
          </reporter-output>
        </test-method> <!-- loginTestSuccess -->
        <test-method status="PASS" signature="teardown()[pri:0, instance:com.lemon.testcases.LoginTest@59fc684e]" name="teardown" is-config="true" duration-ms="937" started-at="2021-06-20T00:57:22 CST" finished-at="2021-06-20T00:57:23 CST">
          <reporter-output>
          </reporter-output>
        </test-method> <!-- teardown -->
        <test-method status="PASS" signature="setup()[pri:0, instance:com.lemon.testcases.LoginTest@59fc684e]" name="setup" is-config="true" duration-ms="4590" started-at="2021-06-20T00:57:23 CST" finished-at="2021-06-20T00:57:28 CST">
          <reporter-output>
          </reporter-output>
        </test-method> <!-- setup -->
        <test-method status="PASS" signature="loginTestFailure1()[pri:2, instance:com.lemon.testcases.LoginTest@59fc684e]" name="loginTestFailure1" duration-ms="1270" started-at="2021-06-20T00:57:28 CST" finished-at="2021-06-20T00:57:29 CST">
          <reporter-output>
          </reporter-output>
        </test-method> <!-- loginTestFailure1 -->
        <test-method status="PASS" signature="teardown()[pri:0, instance:com.lemon.testcases.LoginTest@59fc684e]" name="teardown" is-config="true" duration-ms="882" started-at="2021-06-20T00:57:29 CST" finished-at="2021-06-20T00:57:30 CST">
          <reporter-output>
          </reporter-output>
        </test-method> <!-- teardown -->
        <test-method status="PASS" signature="setup()[pri:0, instance:com.lemon.testcases.LoginTest@59fc684e]" name="setup" is-config="true" duration-ms="4258" started-at="2021-06-20T00:57:30 CST" finished-at="2021-06-20T00:57:34 CST">
          <reporter-output>
          </reporter-output>
        </test-method> <!-- setup -->
        <test-method status="PASS" signature="loginTestFailure2(java.lang.String, java.lang.String, java.lang.String)[pri:3, instance:com.lemon.testcases.LoginTest@59fc684e]" name="loginTestFailure2" duration-ms="372" started-at="2021-06-20T00:57:34 CST" data-provider="loginTestFailureDatas" finished-at="2021-06-20T00:57:35 CST">
          <params>
            <param index="0">
              <value>
                <![CDATA[]]>
              </value>
            </param>
            <param index="1">
              <value>
                <![CDATA[Ab%12345]]>
              </value>
            </param>
            <param index="2">
              <value>
                <![CDATA[请输入手机号]]>
              </value>
            </param>
          </params>
          <reporter-output>
          </reporter-output>
        </test-method> <!-- loginTestFailure2 -->
        <test-method status="PASS" signature="teardown()[pri:0, instance:com.lemon.testcases.LoginTest@59fc684e]" name="teardown" is-config="true" duration-ms="897" started-at="2021-06-20T00:57:35 CST" finished-at="2021-06-20T00:57:36 CST">
          <reporter-output>
          </reporter-output>
        </test-method> <!-- teardown -->
        <test-method status="PASS" signature="setup()[pri:0, instance:com.lemon.testcases.LoginTest@59fc684e]" name="setup" is-config="true" duration-ms="4503" started-at="2021-06-20T00:57:36 CST" finished-at="2021-06-20T00:57:40 CST">
          <reporter-output>
          </reporter-output>
        </test-method> <!-- setup -->
        <test-method status="PASS" signature="loginTestFailure2(java.lang.String, java.lang.String, java.lang.String)[pri:3, instance:com.lemon.testcases.LoginTest@59fc684e]" name="loginTestFailure2" duration-ms="424" started-at="2021-06-20T00:57:40 CST" data-provider="loginTestFailureDatas" finished-at="2021-06-20T00:57:41 CST">
          <params>
            <param index="0">
              <value>
                <![CDATA[1585901925]]>
              </value>
            </param>
            <param index="1">
              <value>
                <![CDATA[Ab%12345]]>
              </value>
            </param>
            <param index="2">
              <value>
                <![CDATA[请输入正确的手机号]]>
              </value>
            </param>
          </params>
          <reporter-output>
          </reporter-output>
        </test-method> <!-- loginTestFailure2 -->
        <test-method status="PASS" signature="teardown()[pri:0, instance:com.lemon.testcases.LoginTest@59fc684e]" name="teardown" is-config="true" duration-ms="885" started-at="2021-06-20T00:57:41 CST" finished-at="2021-06-20T00:57:42 CST">
          <reporter-output>
          </reporter-output>
        </test-method> <!-- teardown -->
      </class> <!-- com.lemon.testcases.LoginTest -->
    </test> <!-- F:/code/auto_test_framework -->
  </suite> <!-- All Test Suite -->
</testng-results>
